build/app/intermediates/manifest_merge_blame_file/release/manifest-merger-blame-release-report.txt
1<?xml version="1.0" encoding="utf-8"?>
2<manifest xmlns:android="http://schemas.android.com/apk/res/android"
3    package="com.app.roster_app"
4    android:versionCode="1"
5    android:versionName="1.0.0" >
6
7    <uses-sdk
8        android:minSdkVersion="19"
8-->src\main\AndroidManifest.xml
9        android:targetSdkVersion="29" />
9-->src\main\AndroidManifest.xml
10
11    <uses-permission android:name="android.permission.ACCESS_FINE_LOCATION" />
11-->src\main\AndroidManifest.xml:4:5-79
11-->src\main\AndroidManifest.xml:4:22-76
12    <uses-permission android:name="android.permission.ACCESS_COARSE_LOCATION" />
12-->src\main\AndroidManifest.xml:5:5-81
12-->src\main\AndroidManifest.xml:5:22-78
13    <uses-permission android:name="android.permission.INTERNET" />
13-->src\main\AndroidManifest.xml:6:5-66
13-->src\main\AndroidManifest.xml:6:22-64
14    <uses-permission android:name="android.hardware.location.gps" />
14-->src\main\AndroidManifest.xml:7:5-69
14-->src\main\AndroidManifest.xml:7:22-66
15    <uses-permission android:name="android.permission.VIBRATE" />
15-->src\main\AndroidManifest.xml:8:5-66
15-->src\main\AndroidManifest.xml:8:22-63
16    <uses-permission android:name="android.permission.RECEIVE_BOOT_COMPLETED" />
16-->src\main\AndroidManifest.xml:9:5-80
16-->src\main\AndroidManifest.xml:9:22-78
17    <uses-permission android:name="android.permission.ACCESS_NETWORK_STATE" />
17-->src\main\AndroidManifest.xml:10:5-78
17-->src\main\AndroidManifest.xml:10:22-76
18    <uses-permission android:name="android.permission.READ_PHONE_STATE" />
18-->src\main\AndroidManifest.xml:11:5-75
18-->src\main\AndroidManifest.xml:11:22-72
19    <uses-permission android:name="android.permission.WAKE_LOCK" />
19-->[:firebase_analytics] AndroidManifest.xml:9:5-68
19-->[:firebase_analytics] AndroidManifest.xml:9:22-65
20    <uses-permission android:name="com.google.android.providers.gsf.permission.READ_GSERVICES" /> <!-- Required by older versions of Google Play services to create IID tokens -->
20-->[com.google.firebase:firebase-perf:19.0.9] AndroidManifest.xml:12:5-98
20-->[com.google.firebase:firebase-perf:19.0.9] AndroidManifest.xml:12:22-95
21    <uses-permission android:name="com.google.android.c2dm.permission.RECEIVE" />
21-->[com.google.firebase:firebase-iid:20.3.0] AndroidManifest.xml:26:5-82
21-->[com.google.firebase:firebase-iid:20.3.0] AndroidManifest.xml:26:22-79
22    <uses-permission android:name="com.google.android.finsky.permission.BIND_GET_INSTALL_REFERRER_SERVICE" />
22-->[com.google.android.gms:play-services-measurement:17.6.0] AndroidManifest.xml:26:5-110
22-->[com.google.android.gms:play-services-measurement:17.6.0] AndroidManifest.xml:26:22-107
23
24    <application
24-->src\main\AndroidManifest.xml:13:5-64:19
25        android:name="io.flutter.app.FlutterApplication"
25-->src\main\AndroidManifest.xml:14:9-57
26        android:appComponentFactory="androidx.core.app.CoreComponentFactory"
26-->[androidx.core:core:1.3.0] AndroidManifest.xml:24:18-86
27        android:icon="@mipmap/ic_launcher"
27-->src\main\AndroidManifest.xml:16:9-43
28        android:label="eRoster" >
28-->src\main\AndroidManifest.xml:15:9-32
29        <receiver android:name="com.dexterous.flutterlocalnotifications.ScheduledNotificationBootReceiver" >
29-->src\main\AndroidManifest.xml:18:9-23:20
29-->src\main\AndroidManifest.xml:18:19-107
30            <intent-filter>
30-->src\main\AndroidManifest.xml:19:13-22:29
31                <action android:name="android.intent.action.BOOT_COMPLETED" />
31-->src\main\AndroidManifest.xml:20:17-78
31-->src\main\AndroidManifest.xml:20:25-76
32                <action android:name="android.intent.action.MY_PACKAGE_REPLACED" />
32-->src\main\AndroidManifest.xml:21:17-83
32-->src\main\AndroidManifest.xml:21:25-81
33            </intent-filter>
34        </receiver>
35        <receiver android:name="com.dexterous.flutterlocalnotifications.ScheduledNotificationReceiver" />
35-->src\main\AndroidManifest.xml:24:9-106
35-->src\main\AndroidManifest.xml:24:19-103
36
37        <activity
37-->src\main\AndroidManifest.xml:26:9-58:20
38            android:name="com.app.roster_app.MainActivity"
38-->src\main\AndroidManifest.xml:27:13-41
39            android:configChanges="orientation|keyboardHidden|keyboard|screenSize|smallestScreenSize|locale|layoutDirection|fontScale|screenLayout|density|uiMode"
39-->src\main\AndroidManifest.xml:30:13-163
40            android:hardwareAccelerated="true"
40-->src\main\AndroidManifest.xml:31:13-47
41            android:launchMode="singleTop"
41-->src\main\AndroidManifest.xml:28:13-43
42            android:theme="@style/LaunchTheme"
42-->src\main\AndroidManifest.xml:29:13-47
43            android:windowSoftInputMode="adjustResize" >
43-->src\main\AndroidManifest.xml:32:13-55
44
45            <!--
46                 Specifies an Android theme to apply to this Activity as soon as
47                 the Android process has started. This theme is visible to the user
48                 while the Flutter UI initializes. After that, this theme continues
49                 to determine the Window background behind the Flutter UI.
50            -->
51            <meta-data
51-->src\main\AndroidManifest.xml:37:13-40:17
52                android:name="io.flutter.embedding.android.NormalTheme"
52-->src\main\AndroidManifest.xml:38:15-70
53                android:resource="@style/NormalTheme" />
53-->src\main\AndroidManifest.xml:39:15-52
54            <!--
55                 Displays an Android View that continues showing the launch screen
56                 Drawable until Flutter paints its first frame, then this splash
57                 screen fades out. A splash screen is useful to avoid any visual
58                 gap between the end of Android's launch screen and the painting of
59                 Flutter's first frame.
60            -->
61            <meta-data
61-->src\main\AndroidManifest.xml:46:13-49:17
62                android:name="io.flutter.embedding.android.SplashScreenDrawable"
62-->src\main\AndroidManifest.xml:47:15-79
63                android:resource="@drawable/launch_background" />
63-->src\main\AndroidManifest.xml:48:15-61
64
65            <intent-filter>
65-->src\main\AndroidManifest.xml:50:13-53:29
66                <action android:name="android.intent.action.MAIN" />
66-->src\main\AndroidManifest.xml:51:17-68
66-->src\main\AndroidManifest.xml:51:25-66
67
68                <category android:name="android.intent.category.LAUNCHER" />
68-->src\main\AndroidManifest.xml:52:17-76
68-->src\main\AndroidManifest.xml:52:27-74
69            </intent-filter>
70            <intent-filter>
70-->src\main\AndroidManifest.xml:54:13-57:29
71                <action android:name="FLUTTER_NOTIFICATION_CLICK" />
71-->src\main\AndroidManifest.xml:55:17-69
71-->src\main\AndroidManifest.xml:55:25-66
72
73                <category android:name="android.intent.category.DEFAULT" />
73-->src\main\AndroidManifest.xml:56:17-76
73-->src\main\AndroidManifest.xml:56:27-73
74            </intent-filter>
75        </activity>
76        <!--
77             Don't delete the meta-data below.
78             This is used by the Flutter tool to generate GeneratedPluginRegistrant.java
79        -->
80        <meta-data
80-->src\main\AndroidManifest.xml:61:9-63:33
81            android:name="flutterEmbedding"
81-->src\main\AndroidManifest.xml:62:13-44
82            android:value="2" />
82-->src\main\AndroidManifest.xml:63:13-30
83
84        <service
84-->[:firebase_dynamic_links] AndroidManifest.xml:10:9-14:19
85            android:name="com.google.firebase.components.ComponentDiscoveryService"
85-->[:firebase_dynamic_links] AndroidManifest.xml:10:18-89
86            android:directBootAware="true"
86-->[com.google.firebase:firebase-common:19.3.1] AndroidManifest.xml:35:13-43
87            android:exported="false" >
87-->[com.google.firebase:firebase-crashlytics:17.2.2] AndroidManifest.xml:15:13-37
88            <meta-data
88-->[:firebase_dynamic_links] AndroidManifest.xml:11:13-13:85
89                android:name="com.google.firebase.components:io.flutter.plugins.firebasedynamiclinks.FlutterFirebaseAppRegistrar"
89-->[:firebase_dynamic_links] AndroidManifest.xml:12:17-130
90                android:value="com.google.firebase.components.ComponentRegistrar" />
90-->[:firebase_dynamic_links] AndroidManifest.xml:13:17-82
91            <meta-data
91-->[:firebase_performance] AndroidManifest.xml:11:13-13:85
92                android:name="com.google.firebase.components:io.flutter.plugins.firebaseperformance.FlutterFirebaseAppRegistrar"
92-->[:firebase_performance] AndroidManifest.xml:12:17-129
93                android:value="com.google.firebase.components.ComponentRegistrar" />
93-->[:firebase_performance] AndroidManifest.xml:13:17-82
94            <meta-data
94-->[:firebase_messaging] AndroidManifest.xml:14:13-16:85
95                android:name="com.google.firebase.components:io.flutter.plugins.firebasemessaging.FlutterFirebaseAppRegistrar"
95-->[:firebase_messaging] AndroidManifest.xml:15:17-127
96                android:value="com.google.firebase.components.ComponentRegistrar" />
96-->[:firebase_messaging] AndroidManifest.xml:16:17-82
97            <meta-data
97-->[:firebase_analytics] AndroidManifest.xml:13:13-15:85
98                android:name="com.google.firebase.components:io.flutter.plugins.firebaseanalytics.FlutterFirebaseAppRegistrar"
98-->[:firebase_analytics] AndroidManifest.xml:14:17-127
99                android:value="com.google.firebase.components.ComponentRegistrar" />
99-->[:firebase_analytics] AndroidManifest.xml:15:17-82
100            <meta-data
100-->[:firebase_core] AndroidManifest.xml:9:13-11:85
101                android:name="com.google.firebase.components:io.flutter.plugins.firebase.core.FlutterFirebaseCoreRegistrar"
101-->[:firebase_core] AndroidManifest.xml:10:17-124
102                android:value="com.google.firebase.components.ComponentRegistrar" />
102-->[:firebase_core] AndroidManifest.xml:11:17-82
103            <meta-data
103-->[com.google.firebase:firebase-crashlytics:17.2.2] AndroidManifest.xml:16:13-18:85
104                android:name="com.google.firebase.components:com.google.firebase.crashlytics.CrashlyticsRegistrar"
104-->[com.google.firebase:firebase-crashlytics:17.2.2] AndroidManifest.xml:17:17-115
105                android:value="com.google.firebase.components.ComponentRegistrar" />
105-->[com.google.firebase:firebase-crashlytics:17.2.2] AndroidManifest.xml:18:17-82
106            <meta-data
106-->[com.google.firebase:firebase-perf:19.0.9] AndroidManifest.xml:24:13-26:85
107                android:name="com.google.firebase.components:com.google.firebase.perf.FirebasePerfRegistrar"
107-->[com.google.firebase:firebase-perf:19.0.9] AndroidManifest.xml:25:17-109
108                android:value="com.google.firebase.components.ComponentRegistrar" />
108-->[com.google.firebase:firebase-perf:19.0.9] AndroidManifest.xml:26:17-82
109            <meta-data
109-->[com.google.firebase:firebase-messaging:20.3.0] AndroidManifest.xml:39:13-41:85
110                android:name="com.google.firebase.components:com.google.firebase.messaging.FirebaseMessagingRegistrar"
110-->[com.google.firebase:firebase-messaging:20.3.0] AndroidManifest.xml:40:17-119
111                android:value="com.google.firebase.components.ComponentRegistrar" />
111-->[com.google.firebase:firebase-messaging:20.3.0] AndroidManifest.xml:41:17-82
112            <meta-data
112-->[com.google.firebase:firebase-dynamic-links:19.1.1] AndroidManifest.xml:11:13-13:85
113                android:name="com.google.firebase.components:com.google.firebase.dynamiclinks.internal.FirebaseDynamicLinkRegistrar"
113-->[com.google.firebase:firebase-dynamic-links:19.1.1] AndroidManifest.xml:12:17-133
114                android:value="com.google.firebase.components.ComponentRegistrar" />
114-->[com.google.firebase:firebase-dynamic-links:19.1.1] AndroidManifest.xml:13:17-82
115            <meta-data
115-->[com.google.firebase:firebase-iid:20.3.0] AndroidManifest.xml:32:13-34:85
116                android:name="com.google.firebase.components:com.google.firebase.iid.Registrar"
116-->[com.google.firebase:firebase-iid:20.3.0] AndroidManifest.xml:33:17-96
117                android:value="com.google.firebase.components.ComponentRegistrar" />
117-->[com.google.firebase:firebase-iid:20.3.0] AndroidManifest.xml:34:17-82
118            <meta-data
118-->[com.google.firebase:firebase-config:19.2.0] AndroidManifest.xml:32:13-34:85
119                android:name="com.google.firebase.components:com.google.firebase.remoteconfig.RemoteConfigRegistrar"
119-->[com.google.firebase:firebase-config:19.2.0] AndroidManifest.xml:33:17-117
120                android:value="com.google.firebase.components.ComponentRegistrar" />
120-->[com.google.firebase:firebase-config:19.2.0] AndroidManifest.xml:34:17-82
121            <meta-data
121-->[com.google.android.gms:play-services-measurement-api:17.6.0] AndroidManifest.xml:30:13-32:85
122                android:name="com.google.firebase.components:com.google.firebase.analytics.connector.internal.AnalyticsConnectorRegistrar"
122-->[com.google.android.gms:play-services-measurement-api:17.6.0] AndroidManifest.xml:31:17-139
123                android:value="com.google.firebase.components.ComponentRegistrar" />
123-->[com.google.android.gms:play-services-measurement-api:17.6.0] AndroidManifest.xml:32:17-82
124            <meta-data
124-->[com.google.firebase:firebase-installations:16.3.3] AndroidManifest.xml:17:13-19:85
125                android:name="com.google.firebase.components:com.google.firebase.installations.FirebaseInstallationsRegistrar"
125-->[com.google.firebase:firebase-installations:16.3.3] AndroidManifest.xml:18:17-127
126                android:value="com.google.firebase.components.ComponentRegistrar" />
126-->[com.google.firebase:firebase-installations:16.3.3] AndroidManifest.xml:19:17-82
127            <meta-data
127-->[com.google.firebase:firebase-datatransport:17.0.3] AndroidManifest.xml:28:13-30:85
128                android:name="com.google.firebase.components:com.google.firebase.datatransport.TransportRegistrar"
128-->[com.google.firebase:firebase-datatransport:17.0.3] AndroidManifest.xml:29:17-115
129                android:value="com.google.firebase.components.ComponentRegistrar" />
129-->[com.google.firebase:firebase-datatransport:17.0.3] AndroidManifest.xml:30:17-82
130            <meta-data
130-->[com.google.firebase:firebase-abt:19.1.0] AndroidManifest.xml:13:13-15:85
131                android:name="com.google.firebase.components:com.google.firebase.abt.component.AbtRegistrar"
131-->[com.google.firebase:firebase-abt:19.1.0] AndroidManifest.xml:14:17-109
132                android:value="com.google.firebase.components.ComponentRegistrar" />
132-->[com.google.firebase:firebase-abt:19.1.0] AndroidManifest.xml:15:17-82
133        </service>
134        <service android:name="io.flutter.plugins.firebasemessaging.FlutterFirebaseMessagingService" >
134-->[:firebase_messaging] AndroidManifest.xml:8:9-12:19
134-->[:firebase_messaging] AndroidManifest.xml:8:18-101
135            <intent-filter>
135-->[:firebase_messaging] AndroidManifest.xml:9:13-11:29
136                <action android:name="com.google.firebase.MESSAGING_EVENT" />
136-->[:firebase_messaging] AndroidManifest.xml:10:17-78
136-->[:firebase_messaging] AndroidManifest.xml:10:25-75
137            </intent-filter>
138        </service>
139
140        <provider
140-->[com.google.firebase:firebase-perf:19.0.9] AndroidManifest.xml:15:9-19:39
141            android:name="com.google.firebase.perf.provider.FirebasePerfProvider"
141-->[com.google.firebase:firebase-perf:19.0.9] AndroidManifest.xml:16:13-82
142            android:authorities="com.app.roster_app.firebaseperfprovider"
142-->[com.google.firebase:firebase-perf:19.0.9] AndroidManifest.xml:17:13-72
143            android:exported="false"
143-->[com.google.firebase:firebase-perf:19.0.9] AndroidManifest.xml:18:13-37
144            android:initOrder="101" />
144-->[com.google.firebase:firebase-perf:19.0.9] AndroidManifest.xml:19:13-36
145        <!--
146             FirebaseMessagingService performs security checks at runtime,
147             but set to not exported to explicitly avoid allowing another app to call it.
148        -->
149        <service
149-->[com.google.firebase:firebase-messaging:20.3.0] AndroidManifest.xml:28:9-35:19
150            android:name="com.google.firebase.messaging.FirebaseMessagingService"
150-->[com.google.firebase:firebase-messaging:20.3.0] AndroidManifest.xml:29:13-82
151            android:directBootAware="true"
151-->[com.google.firebase:firebase-messaging:20.3.0] AndroidManifest.xml:30:13-43
152            android:exported="false" >
152-->[com.google.firebase:firebase-messaging:20.3.0] AndroidManifest.xml:31:13-37
153            <intent-filter android:priority="-500" >
153-->[:firebase_messaging] AndroidManifest.xml:9:13-11:29
154                <action android:name="com.google.firebase.MESSAGING_EVENT" />
154-->[:firebase_messaging] AndroidManifest.xml:10:17-78
154-->[:firebase_messaging] AndroidManifest.xml:10:25-75
155            </intent-filter>
156        </service>
157
158        <receiver
158-->[com.google.firebase:firebase-iid:20.3.0] AndroidManifest.xml:37:9-44:20
159            android:name="com.google.firebase.iid.FirebaseInstanceIdReceiver"
159-->[com.google.firebase:firebase-iid:20.3.0] AndroidManifest.xml:38:13-78
160            android:exported="true"
160-->[com.google.firebase:firebase-iid:20.3.0] AndroidManifest.xml:39:13-36
161            android:permission="com.google.android.c2dm.permission.SEND" >
161-->[com.google.firebase:firebase-iid:20.3.0] AndroidManifest.xml:40:13-73
162            <intent-filter>
162-->[com.google.firebase:firebase-iid:20.3.0] AndroidManifest.xml:41:13-43:29
163                <action android:name="com.google.android.c2dm.intent.RECEIVE" />
163-->[com.google.firebase:firebase-iid:20.3.0] AndroidManifest.xml:42:17-81
163-->[com.google.firebase:firebase-iid:20.3.0] AndroidManifest.xml:42:25-78
164            </intent-filter>
165        </receiver>
166
167        <activity
167-->[com.google.android.gms:play-services-base:17.3.0] AndroidManifest.xml:23:9-26:75
168            android:name="com.google.android.gms.common.api.GoogleApiActivity"
168-->[com.google.android.gms:play-services-base:17.3.0] AndroidManifest.xml:24:13-79
169            android:exported="false"
169-->[com.google.android.gms:play-services-base:17.3.0] AndroidManifest.xml:25:13-37
170            android:theme="@android:style/Theme.Translucent.NoTitleBar" />
170-->[com.google.android.gms:play-services-base:17.3.0] AndroidManifest.xml:26:13-72
171
172        <provider
172-->[com.google.firebase:firebase-common:19.3.1] AndroidManifest.xml:26:9-31:39
173            android:name="com.google.firebase.provider.FirebaseInitProvider"
173-->[com.google.firebase:firebase-common:19.3.1] AndroidManifest.xml:27:13-77
174            android:authorities="com.app.roster_app.firebaseinitprovider"
174-->[com.google.firebase:firebase-common:19.3.1] AndroidManifest.xml:28:13-72
175            android:directBootAware="true"
175-->[com.google.firebase:firebase-common:19.3.1] AndroidManifest.xml:29:13-43
176            android:exported="false"
176-->[com.google.firebase:firebase-common:19.3.1] AndroidManifest.xml:30:13-37
177            android:initOrder="100" />
177-->[com.google.firebase:firebase-common:19.3.1] AndroidManifest.xml:31:13-36
178
179        <receiver
179-->[com.google.android.gms:play-services-measurement:17.6.0] AndroidManifest.xml:29:9-33:20
180            android:name="com.google.android.gms.measurement.AppMeasurementReceiver"
180-->[com.google.android.gms:play-services-measurement:17.6.0] AndroidManifest.xml:30:13-85
181            android:enabled="true"
181-->[com.google.android.gms:play-services-measurement:17.6.0] AndroidManifest.xml:31:13-35
182            android:exported="false" >
182-->[com.google.android.gms:play-services-measurement:17.6.0] AndroidManifest.xml:32:13-37
183        </receiver>
184
185        <service
185-->[com.google.android.gms:play-services-measurement:17.6.0] AndroidManifest.xml:35:9-38:40
186            android:name="com.google.android.gms.measurement.AppMeasurementService"
186-->[com.google.android.gms:play-services-measurement:17.6.0] AndroidManifest.xml:36:13-84
187            android:enabled="true"
187-->[com.google.android.gms:play-services-measurement:17.6.0] AndroidManifest.xml:37:13-35
188            android:exported="false" />
188-->[com.google.android.gms:play-services-measurement:17.6.0] AndroidManifest.xml:38:13-37
189        <service
189-->[com.google.android.gms:play-services-measurement:17.6.0] AndroidManifest.xml:39:9-43:72
190            android:name="com.google.android.gms.measurement.AppMeasurementJobService"
190-->[com.google.android.gms:play-services-measurement:17.6.0] AndroidManifest.xml:40:13-87
191            android:enabled="true"
191-->[com.google.android.gms:play-services-measurement:17.6.0] AndroidManifest.xml:41:13-35
192            android:exported="false"
192-->[com.google.android.gms:play-services-measurement:17.6.0] AndroidManifest.xml:42:13-37
193            android:permission="android.permission.BIND_JOB_SERVICE" />
193-->[com.google.android.gms:play-services-measurement:17.6.0] AndroidManifest.xml:43:13-69
194
195        <meta-data
195-->[com.google.android.gms:play-services-basement:17.5.0] AndroidManifest.xml:23:9-25:69
196            android:name="com.google.android.gms.version"
196-->[com.google.android.gms:play-services-basement:17.5.0] AndroidManifest.xml:24:13-58
197            android:value="@integer/google_play_services_version" />
197-->[com.google.android.gms:play-services-basement:17.5.0] AndroidManifest.xml:25:13-66
198
199        <activity android:name="com.kiwi.fluttercrashlytics.CrashActivity" />
199-->[:flutter_crashlytics] AndroidManifest.xml:8:9-78
199-->[:flutter_crashlytics] AndroidManifest.xml:8:19-75
200
201        <meta-data
201-->[:flutter_crashlytics] AndroidManifest.xml:10:9-12:37
202            android:name="firebase_crashlytics_collection_enabled"
202-->[:flutter_crashlytics] AndroidManifest.xml:11:13-67
203            android:value="false" />
203-->[:flutter_crashlytics] AndroidManifest.xml:12:13-34
204
205        <service
205-->[com.google.android.datatransport:transport-backend-cct:2.3.1] AndroidManifest.xml:29:9-35:19
206            android:name="com.google.android.datatransport.runtime.backends.TransportBackendDiscovery"
206-->[com.google.android.datatransport:transport-backend-cct:2.3.1] AndroidManifest.xml:30:13-103
207            android:exported="false" >
207-->[com.google.android.datatransport:transport-backend-cct:2.3.1] AndroidManifest.xml:31:13-37
208            <meta-data
208-->[com.google.android.datatransport:transport-backend-cct:2.3.1] AndroidManifest.xml:32:13-34:39
209                android:name="backend:com.google.android.datatransport.cct.CctBackendFactory"
209-->[com.google.android.datatransport:transport-backend-cct:2.3.1] AndroidManifest.xml:33:17-94
210                android:value="cct" />
210-->[com.google.android.datatransport:transport-backend-cct:2.3.1] AndroidManifest.xml:34:17-36
211        </service>
212        <service
212-->[com.google.android.datatransport:transport-runtime:2.2.4] AndroidManifest.xml:26:9-30:19
213            android:name="com.google.android.datatransport.runtime.scheduling.jobscheduling.JobInfoSchedulerService"
213-->[com.google.android.datatransport:transport-runtime:2.2.4] AndroidManifest.xml:27:13-117
214            android:exported="false"
214-->[com.google.android.datatransport:transport-runtime:2.2.4] AndroidManifest.xml:28:13-37
215            android:permission="android.permission.BIND_JOB_SERVICE" >
215-->[com.google.android.datatransport:transport-runtime:2.2.4] AndroidManifest.xml:29:13-69
216        </service>
217
218        <receiver
218-->[com.google.android.datatransport:transport-runtime:2.2.4] AndroidManifest.xml:32:9-34:40
219            android:name="com.google.android.datatransport.runtime.scheduling.jobscheduling.AlarmManagerSchedulerBroadcastReceiver"
219-->[com.google.android.datatransport:transport-runtime:2.2.4] AndroidManifest.xml:33:13-132
220            android:exported="false" />
220-->[com.google.android.datatransport:transport-runtime:2.2.4] AndroidManifest.xml:34:13-37
221
222        <provider
222-->[com.crashlytics.sdk.android:crashlytics:2.10.1] AndroidManifest.xml:19:9-23:38
223            android:name="com.crashlytics.android.CrashlyticsInitProvider"
223-->[com.crashlytics.sdk.android:crashlytics:2.10.1] AndroidManifest.xml:20:13-75
224            android:authorities="com.app.roster_app.crashlyticsinitprovider"
224-->[com.crashlytics.sdk.android:crashlytics:2.10.1] AndroidManifest.xml:21:13-75
225            android:exported="false"
225-->[com.crashlytics.sdk.android:crashlytics:2.10.1] AndroidManifest.xml:22:13-37
226            android:initOrder="90" />
226-->[com.crashlytics.sdk.android:crashlytics:2.10.1] AndroidManifest.xml:23:13-35
227    </application>
228
229</manifest>